<?xml version="1.0" encoding="UTF-8"?>
<!-- Generated by org.testng.reporters.JUnitXMLReporter -->
<testsuite hostname="Saurab-PC" name="Test" tests="2" failures="1" timestamp="13 Jul 2014 06:23:33 GMT" time="14.514" errors="0">
  <testcase name="f" time="7.322" classname="com.start.MainATUreport"/>
  <testcase name="testNewLogs" time="1.281" classname="com.start.MainATUreport">
    <failure type="atu.testng.reports.exceptions.ATUReporterStepFailedException">
      <![CDATA[[ATU Custom Reporter Step Failed Exception]
	at atu.testng.reports.ATUReports.stepFailureHandler(Unknown Source)
	at atu.testng.reports.ATUReports.add(Unknown Source)
	at com.start.MainATUreport.testNewLogs(MainATUreport.java:81)
... Removed 24 stack frames]]>
    </failure>
  </testcase> <!-- testNewLogs -->
</testsuite> <!-- Test -->
