<?xml version="1.0" encoding="UTF-8"?>
<testng-results skipped="0" failed="2" total="4" passed="2">
  <reporter-output>
    <line>
      <![CDATA[STEP1]]>
    </line>
    <line>
      <![CDATA[STEP2]]>
    </line>
    <line>
      <![CDATA[STEP3]]>
    </line>
    <line>
      <![CDATA[STEP4]]>
    </line>
    <line>
      <![CDATA[STEP5]]>
    </line>
    <line>
      <![CDATA[STEP6]]>
    </line>
    <line>
      <![CDATA[STEP7]]>
    </line>
    <line>
      <![CDATA[STEP8]]>
    </line>
    <line>
      <![CDATA[STEP9]]>
    </line>
    <line>
      <![CDATA[STEP10]]>
    </line>
    <line>
      <![CDATA[STEP11]]>
    </line>
    <line>
      <![CDATA[STEP12]]>
    </line>
    <line>
      <![CDATA[STEP13]]>
    </line>
    <line>
      <![CDATA[STEP14]]>
    </line>
    <line>
      <![CDATA[STEP15]]>
    </line>
    <line>
      <![CDATA[STEP16]]>
    </line>
  </reporter-output>
  <suite name="Suite" duration-ms="28854" started-at="2014-07-13T06:23:18Z" finished-at="2014-07-13T06:23:47Z">
    <groups>
    </groups>
    <test name="Test" duration-ms="14514" started-at="2014-07-13T06:23:18Z" finished-at="2014-07-13T06:23:33Z">
      <class name="com.start.MainATUreport">
        <test-method status="PASS" signature="beforeTest()[pri:0, instance:com.start.MainATUreport@6debcae2]" name="beforeTest" is-config="true" duration-ms="5816" started-at="2014-07-13T11:53:18Z" finished-at="2014-07-13T11:53:24Z">
          <reporter-output>
          </reporter-output>
        </test-method> <!-- beforeTest -->
        <test-method status="PASS" signature="f()[pri:0, instance:com.start.MainATUreport@6debcae2]" name="f" duration-ms="7322" started-at="2014-07-13T11:53:24Z" finished-at="2014-07-13T11:53:31Z">
          <reporter-output>
            <line>
              <![CDATA[STEP1]]>
            </line>
            <line>
              <![CDATA[STEP2]]>
            </line>
            <line>
              <![CDATA[STEP3]]>
            </line>
            <line>
              <![CDATA[STEP4]]>
            </line>
          </reporter-output>
        </test-method> <!-- f -->
        <test-method status="FAIL" signature="testNewLogs()[pri:0, instance:com.start.MainATUreport@6debcae2]" name="testNewLogs" duration-ms="1281" started-at="2014-07-13T11:53:31Z" finished-at="2014-07-13T11:53:33Z">
          <exception class="atu.testng.reports.exceptions.ATUReporterStepFailedException">
            <full-stacktrace>
              <![CDATA[[ATU Custom Reporter Step Failed Exception]
	at atu.testng.reports.ATUReports.stepFailureHandler(Unknown Source)
	at atu.testng.reports.ATUReports.add(Unknown Source)
	at com.start.MainATUreport.testNewLogs(MainATUreport.java:81)
	at sun.reflect.NativeMethodAccessorImpl.invoke0(Native Method)
	at sun.reflect.NativeMethodAccessorImpl.invoke(Unknown Source)
	at sun.reflect.DelegatingMethodAccessorImpl.invoke(Unknown Source)
	at java.lang.reflect.Method.invoke(Unknown Source)
	at org.testng.internal.MethodInvocationHelper.invokeMethod(MethodInvocationHelper.java:84)
	at org.testng.internal.Invoker.invokeMethod(Invoker.java:714)
	at org.testng.internal.Invoker.invokeTestMethod(Invoker.java:901)
	at org.testng.internal.Invoker.invokeTestMethods(Invoker.java:1231)
	at org.testng.internal.TestMethodWorker.invokeTestMethods(TestMethodWorker.java:127)
	at org.testng.internal.TestMethodWorker.run(TestMethodWorker.java:111)
	at org.testng.TestRunner.privateRun(TestRunner.java:767)
	at org.testng.TestRunner.run(TestRunner.java:617)
	at org.testng.SuiteRunner.runTest(SuiteRunner.java:334)
	at org.testng.SuiteRunner.runSequentially(SuiteRunner.java:329)
	at org.testng.SuiteRunner.privateRun(SuiteRunner.java:291)
	at org.testng.SuiteRunner.run(SuiteRunner.java:240)
	at org.testng.SuiteRunnerWorker.runSuite(SuiteRunnerWorker.java:52)
	at org.testng.SuiteRunnerWorker.run(SuiteRunnerWorker.java:86)
	at org.testng.TestNG.runSuitesSequentially(TestNG.java:1224)
	at org.testng.TestNG.runSuitesLocally(TestNG.java:1149)
	at org.testng.TestNG.run(TestNG.java:1057)
	at org.testng.remote.RemoteTestNG.run(RemoteTestNG.java:111)
	at org.testng.remote.RemoteTestNG.initAndRun(RemoteTestNG.java:204)
	at org.testng.remote.RemoteTestNG.main(RemoteTestNG.java:175)
]]>
            </full-stacktrace>
          </exception> <!-- atu.testng.reports.exceptions.ATUReporterStepFailedException -->
          <reporter-output>
            <line>
              <![CDATA[STEP5]]>
            </line>
            <line>
              <![CDATA[STEP6]]>
            </line>
            <line>
              <![CDATA[STEP7]]>
            </line>
            <line>
              <![CDATA[STEP8]]>
            </line>
          </reporter-output>
        </test-method> <!-- testNewLogs -->
        <test-method status="PASS" signature="afterTest()[pri:0, instance:com.start.MainATUreport@6debcae2]" name="afterTest" is-config="true" duration-ms="15" started-at="2014-07-13T11:53:33Z" finished-at="2014-07-13T11:53:33Z">
          <reporter-output>
          </reporter-output>
        </test-method> <!-- afterTest -->
      </class> <!-- com.start.MainATUreport -->
    </test> <!-- Test -->
    <test name="Test2" duration-ms="14318" started-at="2014-07-13T06:23:33Z" finished-at="2014-07-13T06:23:47Z">
      <class name="com.start.MainATUreport">
        <test-method status="PASS" signature="beforeTest()[pri:0, instance:com.start.MainATUreport@30c7da1e]" name="beforeTest" is-config="true" duration-ms="6453" started-at="2014-07-13T11:53:33Z" finished-at="2014-07-13T11:53:39Z">
          <reporter-output>
          </reporter-output>
        </test-method> <!-- beforeTest -->
        <test-method status="PASS" signature="f()[pri:0, instance:com.start.MainATUreport@30c7da1e]" name="f" duration-ms="7355" started-at="2014-07-13T11:53:39Z" finished-at="2014-07-13T11:53:46Z">
          <reporter-output>
            <line>
              <![CDATA[STEP9]]>
            </line>
            <line>
              <![CDATA[STEP10]]>
            </line>
            <line>
              <![CDATA[STEP11]]>
            </line>
            <line>
              <![CDATA[STEP12]]>
            </line>
          </reporter-output>
        </test-method> <!-- f -->
        <test-method status="FAIL" signature="testNewLogs()[pri:0, instance:com.start.MainATUreport@30c7da1e]" name="testNewLogs" duration-ms="495" started-at="2014-07-13T11:53:46Z" finished-at="2014-07-13T11:53:47Z">
          <exception class="atu.testng.reports.exceptions.ATUReporterStepFailedException">
            <full-stacktrace>
              <![CDATA[[ATU Custom Reporter Step Failed Exception]
	at atu.testng.reports.ATUReports.stepFailureHandler(Unknown Source)
	at atu.testng.reports.ATUReports.add(Unknown Source)
	at com.start.MainATUreport.testNewLogs(MainATUreport.java:81)
	at sun.reflect.NativeMethodAccessorImpl.invoke0(Native Method)
	at sun.reflect.NativeMethodAccessorImpl.invoke(Unknown Source)
	at sun.reflect.DelegatingMethodAccessorImpl.invoke(Unknown Source)
	at java.lang.reflect.Method.invoke(Unknown Source)
	at org.testng.internal.MethodInvocationHelper.invokeMethod(MethodInvocationHelper.java:84)
	at org.testng.internal.Invoker.invokeMethod(Invoker.java:714)
	at org.testng.internal.Invoker.invokeTestMethod(Invoker.java:901)
	at org.testng.internal.Invoker.invokeTestMethods(Invoker.java:1231)
	at org.testng.internal.TestMethodWorker.invokeTestMethods(TestMethodWorker.java:127)
	at org.testng.internal.TestMethodWorker.run(TestMethodWorker.java:111)
	at org.testng.TestRunner.privateRun(TestRunner.java:767)
	at org.testng.TestRunner.run(TestRunner.java:617)
	at org.testng.SuiteRunner.runTest(SuiteRunner.java:334)
	at org.testng.SuiteRunner.runSequentially(SuiteRunner.java:329)
	at org.testng.SuiteRunner.privateRun(SuiteRunner.java:291)
	at org.testng.SuiteRunner.run(SuiteRunner.java:240)
	at org.testng.SuiteRunnerWorker.runSuite(SuiteRunnerWorker.java:52)
	at org.testng.SuiteRunnerWorker.run(SuiteRunnerWorker.java:86)
	at org.testng.TestNG.runSuitesSequentially(TestNG.java:1224)
	at org.testng.TestNG.runSuitesLocally(TestNG.java:1149)
	at org.testng.TestNG.run(TestNG.java:1057)
	at org.testng.remote.RemoteTestNG.run(RemoteTestNG.java:111)
	at org.testng.remote.RemoteTestNG.initAndRun(RemoteTestNG.java:204)
	at org.testng.remote.RemoteTestNG.main(RemoteTestNG.java:175)
]]>
            </full-stacktrace>
          </exception> <!-- atu.testng.reports.exceptions.ATUReporterStepFailedException -->
          <reporter-output>
            <line>
              <![CDATA[STEP13]]>
            </line>
            <line>
              <![CDATA[STEP14]]>
            </line>
            <line>
              <![CDATA[STEP15]]>
            </line>
            <line>
              <![CDATA[STEP16]]>
            </line>
          </reporter-output>
        </test-method> <!-- testNewLogs -->
        <test-method status="PASS" signature="afterTest()[pri:0, instance:com.start.MainATUreport@30c7da1e]" name="afterTest" is-config="true" duration-ms="13" started-at="2014-07-13T11:53:47Z" finished-at="2014-07-13T11:53:47Z">
          <reporter-output>
          </reporter-output>
        </test-method> <!-- afterTest -->
      </class> <!-- com.start.MainATUreport -->
    </test> <!-- Test2 -->
  </suite> <!-- Suite -->
</testng-results>
